FF - Task 5 - Audio Player/app/build/intermediates/manifest_merge_blame_file/debug/manifest-merger-blame-debug-report.txt
1<?xml version="1.0" encoding="utf-8"?>
2<manifest xmlns:android="http://schemas.android.com/apk/res/android"
3    package="com.example.ff_task6"
4    android:versionCode="1"
5    android:versionName="1.0" >
6
7    <uses-sdk
8        android:minSdkVersion="19"
8-->src\main\AndroidManifest.xml
9        android:targetSdkVersion="29" />
9-->src\main\AndroidManifest.xml
10
11    <application
11-->src\main\AndroidManifest.xml:5:5-25:19
12        android:allowBackup="true"
12-->src\main\AndroidManifest.xml:6:9-35
13        android:appComponentFactory="androidx.core.app.CoreComponentFactory"
13-->[androidx.core:core:1.0.1] AndroidManifest.xml:22:18-86
14        android:debuggable="true"
15        android:icon="@mipmap/ic_launcher"
15-->src\main\AndroidManifest.xml:7:9-43
16        android:label="@string/app_name"
16-->src\main\AndroidManifest.xml:8:9-41
17        android:roundIcon="@mipmap/ic_launcher_round"
17-->src\main\AndroidManifest.xml:9:9-54
18        android:supportsRtl="true"
18-->src\main\AndroidManifest.xml:10:9-35
19        android:testOnly="true"
20        android:theme="@style/AppTheme" >
20-->src\main\AndroidManifest.xml:11:9-40
21        <activity
21-->src\main\AndroidManifest.xml:12:9-97
22            android:name="com.example.ff_task6.Main3Activity"
22-->src\main\AndroidManifest.xml:12:19-48
23            android:screenOrientation="portrait" />
23-->src\main\AndroidManifest.xml:12:49-85
24        <activity
24-->src\main\AndroidManifest.xml:13:9-87
25            android:name="com.example.ff_task6.Main2Activity"
25-->src\main\AndroidManifest.xml:13:19-48
26            android:screenOrientation="portrait" />
26-->src\main\AndroidManifest.xml:13:49-85
27        <activity
27-->src\main\AndroidManifest.xml:15:9-21:20
28            android:name="com.example.ff_task6.MainActivity"
28-->src\main\AndroidManifest.xml:15:19-47
29            android:screenOrientation="portrait" >
29-->src\main\AndroidManifest.xml:15:48-84
30            <intent-filter>
30-->src\main\AndroidManifest.xml:16:13-20:29
31                <action android:name="android.intent.action.MAIN" />
31-->src\main\AndroidManifest.xml:17:17-69
31-->src\main\AndroidManifest.xml:17:25-66
32
33                <category android:name="android.intent.category.LAUNCHER" />
33-->src\main\AndroidManifest.xml:19:17-77
33-->src\main\AndroidManifest.xml:19:27-74
34            </intent-filter>
35        </activity>
36    </application>
37
38</manifest>